<?xml version="1.0" encoding="UTF-8"?>
<!-- Generated by org.testng.reporters.JUnitReportReporter -->
<testsuite hostname="TYSS-Raghu" failures="0" tests="1" name="cf.nbfc.saarthi.tests.sourcing.AgentOnboardTest" time="41.468" errors="0" timestamp="2024-11-14T16:47:52 IST" skipped="0">
  <testcase classname="cf.nbfc.saarthi.tests.sourcing.AgentOnboardTest" name="validateMyLeadsMenuIsDisplayed" time="41.468"/>
</testsuite> <!-- cf.nbfc.saarthi.tests.sourcing.AgentOnboardTest -->
